Arguments: 
  /usr/local/bin/node /usr/local/bin/yarn

PATH: 
  /Users/bernardo/.composer/vendor/bin:/usr/local/bin:/usr/bin:/bin:/usr/sbin:/sbin

Yarn version: 
  0.16.1

Node version: 
  6.9.1

Platform: 
  darwin x64

npm manifest: 
  {
    "name": "foursquareAPI-app",
    "version": "1.0.0",
    "main": "index.js",
    "repository": {
      "url": "git@github.com:benskz/foursquareAPI-app.git",
      "type": "git"
    },
    "author": "benskz <bernardo@unlockingthedigital.com>",
    "license": "MIT",
    "scripts": {
      "client": "webpack-dev-server --inline --hot --port 3000",
    },
    "devDependencies": {
      "autoprefixer": "^7.1.2",
      "babel-core": "^6.25.0",
      "babel-eslint": "^7.2.3",
      "babel-loader": "^7.1.1",
      "babel-plugin-transform-runtime": "^6.23.0",
      "babel-preset-es2015": "^6.24.1",
      "babel-preset-stage-0": "^6.24.1",
      "babel-runtime": "^6.25.0",
      "copy-webpack-plugin": "^4.0.1",
      "css-loader": "^0.28.4",
      "eslint": "^3.0.0",
      "eslint-config-airbnb": "^15.1.0",
      "eslint-config-vue": "^2.0.2",
      "eslint-plugin-import": "^2.7.0",
      "eslint-plugin-vue": "^2.1.0",
      "extract-text-webpack-plugin": "^3.0.0",
      "html-webpack-plugin": "^2.30.1",
      "node-sass": "^4.5.3",
      "postcss-loader": "^2.0.6",
      "sass-loader": "^6.0.6",
      "style-loader": "^0.18.2",
      "vue-loader": "^13.0.3",
      "vue-template-compiler": "^2.4.2",
      "webpack": "^3.4.1",
      "webpack-dev-server": "^2.6.1"
    },
    "dependencies": {
      "vue": "^2.4.2",
    }
  }

yarn manifest: 
  No manifest

bower manifest: 
  No manifest

Lockfile: 
  No lockfile

Trace: 
  SyntaxError: /Users/bernardo/Documents/projects/foursquareAPI-app/package.json: Unexpected token } in JSON at position 333
      at Object.parse (native)
      at /usr/local/lib/node_modules/yarn/lib/util/fs.js:271:57
      at next (native)
      at step (/usr/local/lib/node_modules/yarn/node_modules/babel-runtime/helpers/asyncToGenerator.js:17:30)
      at /usr/local/lib/node_modules/yarn/node_modules/babel-runtime/helpers/asyncToGenerator.js:28:13
